D:\DARV\DARV\Debug\CameraImageLoader.obj
D:\DARV\DARV\Debug\CameraThread.obj
D:\DARV\DARV\Debug\CameraTracker.obj
D:\DARV\DARV\Debug\CameraTrackerFusingIMU.obj
D:\DARV\DARV\Debug\CameraTrackerNoIMU.obj
D:\DARV\DARV\Debug\cl.command.1.tlog
D:\DARV\DARV\Debug\CL.read.1.tlog
D:\DARV\DARV\Debug\CL.write.1.tlog
D:\DARV\DARV\Debug\COS.obj
D:\DARV\DARV\Debug\custombuild.command.1.tlog
D:\DARV\DARV\Debug\custombuild.read.1.tlog
D:\DARV\DARV\Debug\custombuild.write.1.tlog
D:\DARV\DARV\Debug\DARV.vcxprojResolveAssemblyReference.cache
D:\DARV\DARV\Debug\DARV.write.1.tlog
D:\DARV\DARV\Debug\DataCapture.obj
D:\DARV\DARV\Debug\FileWriter.obj
D:\DARV\DARV\Debug\GlInfo.obj
D:\DARV\DARV\DEBUG\GLSU.OBJ
D:\DARV\DARV\Debug\IMU.obj
D:\DARV\DARV\Debug\IMUManager.obj
D:\DARV\DARV\Debug\IMUManagerSimon.obj
D:\DARV\DARV\Debug\IMUManagerVuzix.obj
D:\DARV\DARV\Debug\iWearSDK.obj
D:\DARV\DARV\Debug\Marker.obj
D:\DARV\DARV\Debug\moc_CameraImageLoader.obj
D:\DARV\DARV\Debug\moc_CameraThread.obj
D:\DARV\DARV\Debug\moc_OptiTrack.obj
D:\DARV\DARV\Debug\moc_TrackingManager.obj
D:\DARV\DARV\Debug\OBJLoader.obj
D:\DARV\DARV\Debug\OBJModels.obj
D:\DARV\DARV\Debug\OptiTrack.obj
D:\DARV\DARV\Debug\PBOUnpack.obj
D:\DARV\DARV\Debug\RecordLoader.obj
D:\DARV\DARV\Debug\ReferenceTracker.obj
D:\DARV\DARV\Debug\Room.obj
D:\DARV\DARV\Debug\vc100.pdb
D:\DARV\DARV\GENERATEDFILES\DEBUG\MOC_ARVIEW.CPP
D:\DARV\DARV\GENERATEDFILES\DEBUG\MOC_ARVIEWWINDOW.CPP
D:\DARV\DARV\GENERATEDFILES\DEBUG\MOC_CAMERAIMAGELOADER.CPP
D:\DARV\DARV\GENERATEDFILES\DEBUG\MOC_CAMERATHREAD.CPP
D:\DARV\DARV\GENERATEDFILES\DEBUG\MOC_DARV.CPP
D:\DARV\DARV\GENERATEDFILES\DEBUG\MOC_IMAGEANALYSER.CPP
D:\DARV\DARV\GENERATEDFILES\DEBUG\MOC_OPTITRACK.CPP
D:\DARV\DARV\GENERATEDFILES\DEBUG\MOC_TRACKINGMANAGER.CPP
D:\DARV\DARV\GENERATEDFILES\QRC_DARV.CPP
D:\DARV\DARV\GENERATEDFILES\UI_ARVIEW.H
D:\DARV\DARV\GENERATEDFILES\UI_DARV.H
D:\DARV\DARV\GENERATEDFILES\UI_IMUSETTINGS.H
D:\DARV\DARV\GENERATEDFILES\UI_OPTITRACKDIALOG.H
