Build started 12/15/2014 8:57:21 AM.
     1>Project "D:\DARV\DARV\DARV.vcxproj" on node 2 (build target(s)).
     1>InitializeBuildStatus:
         Creating "Release\DARV.unsuccessfulbuild" because "AlwaysCreate" was specified.
       CustomBuild:
         All outputs are up-to-date.
       ClCompile:
         C:\Program Files (x86)\Microsoft Visual Studio 10.0\VC\bin\CL.exe /c /I.\GeneratedFiles /I. /IC:\Qt\Qt5.2.0\5.2.0\msvc2010_opengl\include /I.\GeneratedFiles\Release /IC:\Qt\Qt5.2.0\5.2.0\msvc2010_opengl\include\QtCore /IC:\Qt\Qt5.2.0\5.2.0\msvc2010_opengl\include\QtGui /IC:\Qt\Qt5.2.0\5.2.0\msvc2010_opengl\include\QtOpenGL /IC:\Qt\Qt5.2.0\5.2.0\msvc2010_opengl\include\QtSensors /IC:\Qt\Qt5.2.0\5.2.0\msvc2010_opengl\include\QtWidgets /ID:\DARV\\GlewLibrary\include /ID:\DARV\\GlutLibrary\include /ID:\DARV\\IGLLibrary\include /ID:\DARV\\GLMLibrary /ID:\DARV\\MathLibrary /ID:\DARV\\OpenCVLibrary /ID:\DARV\\ARLibrary\Metaio\include /ID:\DARV\\AssetLibrary\include /ID:\DARV\\VuzixLibrary\inc /ID:\DARV\\NatNetLibrary\include /nologo /W1 /WX- /O2 /Oy- /D UNICODE /D WIN32 /D WIN64 /D QT_DLL /D QT_NO_DEBUG /D NDEBUG /D QT_CORE_LIB /D QT_GUI_LIB /D QT_OPENGL_LIB /D QT_SENSORS_LIB /D QT_WIDGETS_LIB /D _MBCS /Gm- /EHsc /MD /GS /fp:precise /Zc:wchar_t- /Zc:forScope /Fo"Release\\" /Fd"Release\vc100.pdb" /Gd /TP /analyze- /errorReport:prompt VirtualReality.cpp
         VirtualReality.cpp
         All outputs are up-to-date.
       ResourceCompile:
         All outputs are up-to-date.
       Link:
         C:\Program Files (x86)\Microsoft Visual Studio 10.0\VC\bin\link.exe /ERRORREPORT:PROMPT /OUT:"D:\DARV\Win32\Release\\DARV.exe" /NOLOGO /LIBPATH:C:\Qt\Qt5.2.0\5.2.0\msvc2010_opengl\lib /LIBPATH:C:\Qt\Qt5.2.0\5.2.0\msvc2010_opengl\plugins\accessible /LIBPATH:C:\Qt\Qt5.2.0\5.2.0\msvc2010_opengl\plugins\imageformats /LIBPATH:D:\DARV\\ARLibrary\ARToolKit\lib\SRC\AR /LIBPATH:D:\DARV\\ARLibrary\ARToolKit\lib /LIBPATH:D:\DARV\\ARLibrary\Metaio\bin /LIBPATH:D:\DARV\\MathLibrary\Eigen\src /LIBPATH:D:\DARV\\MathLibrary\Eigen /LIBPATH:"D:\DARV\\AssetLibrary\bin\assimp_debug-dll_win32" /LIBPATH:"D:\DARV\\AssetLibrary\lib\assimp_debug-dll_win32" /LIBPATH:D:\DARV\\GlutLibrary\lib /LIBPATH:D:\DARV\\GlewLibrary\lib /LIBPATH:D:\DARV\\OpenCVLibrary\lib /LIBPATH:D:\DARV\\VuzixLibrary\lib /LIBPATH:"D:\DARV\\AssetLibrary\lib\assimp_release-dll_win32" /LIBPATH:D:\DARV\\NatNetLibrary\lib metaioSDK.lib qtmain.lib winmm.lib Kernel32.lib glut32.lib Qt5Core.lib Qt5Gui.lib Qt5OpenGL.lib Qt5Xml.lib opengl32.lib glu32.lib Qt5Widgets.lib Qt5Multimedia.lib Qt5MultimediaWidgets.lib wldap32.lib ws2_32.lib Dbghelp.lib glew32.lib assimp.lib opencv_highgui248.lib opencv_core248.lib opencv_imgproc248.lib libAR.lib iweardrv.lib iwrstdrv.lib NatNetLib.lib kernel32.lib user32.lib gdi32.lib winspool.lib comdlg32.lib advapi32.lib shell32.lib ole32.lib oleaut32.lib uuid.lib odbc32.lib odbccp32.lib DevIL.lib ILU.lib ILUT.lib /MANIFEST /ManifestFile:"Release\DARV.exe.intermediate.manifest" /MANIFESTUAC:"level='asInvoker' uiAccess='false'" /PDB:"D:\DARV\Win32\Release\DARV.pdb" /SUBSYSTEM:CONSOLE /TLBID:1 /DYNAMICBASE /NXCOMPAT /MACHINE:X86 Release\DARV.res
         Release\ARView.obj
         Release\ARViewWindow.obj
         Release\CameraImageLoader.obj
         Release\CameraThread.obj
         Release\CameraTracker.obj
         Release\CameraTrackerFusingIMU.obj
         Release\CameraTrackerNoIMU.obj
         Release\CameraView.obj
         Release\COS.obj
         Release\Darv.obj
         Release\DataCapture.obj
         Release\FileWriter.obj
         Release\qrc_Darv.obj
         Release\moc_ARView.obj
         Release\moc_ARViewWindow.obj
         Release\moc_CameraImageLoader.obj
         Release\moc_CameraThread.obj
         Release\moc_Darv.obj
         Release\moc_ImageAnalyser.obj
         Release\moc_OptiTrack.obj
         Release\moc_TrackingManager.obj
         Release\GlInfo.obj
         Release\Glsu.obj
         Release\ImageAnalyser.obj
         Release\ImageView.obj
         Release\image_DXT.obj
         Release\image_helper.obj
         Release\IMU.obj
         Release\IMUManager.obj
         Release\IMUManagerSimon.obj
         Release\IMUManagerVuzix.obj
         Release\iWearSDK.obj
         Release\main.obj
         Release\Marker.obj
         Release\OBJLoader.obj
         Release\OBJModels.obj
         Release\OptiTrack.obj
         Release\PBOUnpack.obj
         Release\QTPrimitives.obj
         Release\RecordLoader.obj
         Release\ReferenceTracker.obj
         Release\Room.obj
         Release\RotationViewer.obj
         Release\SetupLoader.obj
         Release\SOIL.obj
         Release\stb_image_aug.obj
         Release\TrackingManager.obj
         Release\Uncertainty.obj
         Release\UncertaintyCOS.obj
         Release\Util.obj
         Release\ValueTree.obj
         Release\VirtualObject.obj
         Release\VirtualRoom.obj
         Release\VirtualSetup.obj
         Release\VirtualReality.obj
         Release\VirtualMarker.obj
         Release\WindowManager.obj
         DARV.vcxproj -> D:\DARV\Win32\Release\DARV.exe
       Manifest:
         C:\Program Files (x86)\Microsoft SDKs\Windows\v7.0A\bin\mt.exe /nologo /verbose /outputresource:"D:\DARV\Win32\Release\\DARV.exe;#1" /manifest Release\DARV.exe.intermediate.manifest
       FinalizeBuildStatus:
         Deleting file "Release\DARV.unsuccessfulbuild".
         Touching "Release\DARV.lastbuildstate".
     1>Done Building Project "D:\DARV\DARV\DARV.vcxproj" (build target(s)).

Build succeeded.

Time Elapsed 00:00:07.56
